C:\USERS\DARIUS\DESKTOP\LAB2_EGC_STUDENT\LAB2_EX1_V2\LAB2\DEBUG\DRAWINGWINDOW.OBJ
C:\USERS\DARIUS\DESKTOP\LAB2_EGC_STUDENT\LAB2_EX1_V2\LAB2\DEBUG\TRANSFORM2D.OBJ
C:\USERS\DARIUS\DESKTOP\LAB2_EGC_STUDENT\LAB2_EX1_V2\LAB2\DEBUG\VISUAL2D.OBJ
C:\USERS\DARIUS\DESKTOP\LAB2_EGC_STUDENT\LAB2_EX1_V2\LAB2\DEBUG\MAIN.OBJ
C:\USERS\DARIUS\DESKTOP\LAB2_EGC_STUDENT\LAB2_EX1_V2\LAB2\DEBUG\VC110.PDB
C:\USERS\DARIUS\DESKTOP\LAB2_EGC_STUDENT\LAB2_EX1_V2\DEBUG\LAB2.ILK
C:\USERS\DARIUS\DESKTOP\LAB2_EGC_STUDENT\LAB2_EX1_V2\DEBUG\LAB2.EXE
C:\USERS\DARIUS\DESKTOP\LAB2_EGC_STUDENT\LAB2_EX1_V2\DEBUG\LAB2.PDB
C:\Users\Darius\Desktop\lab2_EGC_student\lab2_ex1_v2\lab2\Debug\DrawingWindow.obj
C:\Users\Darius\Desktop\lab2_EGC_student\lab2_ex1_v2\lab2\Debug\main.obj
C:\Users\Darius\Desktop\lab2_EGC_student\lab2_ex1_v2\lab2\Debug\Transform2D.obj
C:\Users\Darius\Desktop\lab2_EGC_student\lab2_ex1_v2\lab2\Debug\Visual2D.obj
C:\Users\Darius\Desktop\lab2_EGC_student\lab2_ex1_v2\lab2\Debug\cl.command.1.tlog
C:\Users\Darius\Desktop\lab2_EGC_student\lab2_ex1_v2\lab2\Debug\CL.read.1.tlog
C:\Users\Darius\Desktop\lab2_EGC_student\lab2_ex1_v2\lab2\Debug\CL.write.1.tlog
C:\Users\Darius\Desktop\lab2_EGC_student\lab2_ex1_v2\lab2\Debug\link-cvtres.read.1.tlog
C:\Users\Darius\Desktop\lab2_EGC_student\lab2_ex1_v2\lab2\Debug\link-cvtres.write.1.tlog
C:\Users\Darius\Desktop\lab2_EGC_student\lab2_ex1_v2\lab2\Debug\link-rc.read.1.tlog
C:\Users\Darius\Desktop\lab2_EGC_student\lab2_ex1_v2\lab2\Debug\link-rc.write.1.tlog
C:\Users\Darius\Desktop\lab2_EGC_student\lab2_ex1_v2\lab2\Debug\link.command.1.tlog
C:\Users\Darius\Desktop\lab2_EGC_student\lab2_ex1_v2\lab2\Debug\link.read.1.tlog
C:\Users\Darius\Desktop\lab2_EGC_student\lab2_ex1_v2\lab2\Debug\link.write.1.tlog
C:\Users\Darius\Desktop\lab2_EGC_student\lab2_ex1_v2\lab2\Debug\vc110.idb
C:\Users\Darius\Desktop\lab2_EGC_student\lab2_ex1_v2\lab2\Debug\vc110.pdb
C:\Users\Darius\Desktop\lab2_EGC_student\lab2_ex1_v2\Debug\lab2.pdb
C:\Users\Darius\Desktop\lab2_EGC_student\lab2_ex1_v2\Debug\lab2.exe
C:\Users\Darius\Desktop\lab2_EGC_student\lab2_ex1_v2\Debug\lab2.ilk
