Build started 11/8/2014 11:48:53 PM.
     1>Project "C:\Users\Darius\Desktop\Tema1\lab2\lab2.vcxproj" on node 2 (Build target(s)).
     1>ClCompile:
         C:\Program Files (x86)\Microsoft Visual Studio 11.0\VC\bin\CL.exe /c /Idependente /ZI /nologo /W3 /WX- /Od /Oy- /D _MBCS /Gm /EHsc /RTC1 /MDd /GS /fp:precise /Zc:wchar_t /Zc:forScope /Fo"Debug\\" /Fd"Debug\vc110.pdb" /Gd /TP /analyze- /errorReport:prompt Framework\DrawingWindow.cpp Framework\Transform2D.cpp Framework\Visual2D.cpp main.cpp
         main.cpp
     1>c:\users\darius\desktop\tema1\lab2\main.cpp(319): warning C4244: 'argument' : conversion from 'time_t' to 'unsigned int', possible loss of data
     1>c:\users\darius\desktop\tema1\lab2\main.cpp(321): warning C4244: 'argument' : conversion from 'time_t' to 'unsigned int', possible loss of data
     1>c:\users\darius\desktop\tema1\lab2\main.cpp(332): warning C4244: 'argument' : conversion from 'time_t' to 'unsigned int', possible loss of data
         Visual2D.cpp
         Transform2D.cpp
         DrawingWindow.cpp
         Generating Code...
       Link:
         C:\Program Files (x86)\Microsoft Visual Studio 11.0\VC\bin\link.exe /ERRORREPORT:PROMPT /OUT:"C:\Users\Darius\Desktop\Tema1\Debug\lab2.exe" /INCREMENTAL /NOLOGO /LIBPATH:dependente freeglut.lib kernel32.lib user32.lib gdi32.lib winspool.lib comdlg32.lib advapi32.lib shell32.lib ole32.lib oleaut32.lib uuid.lib odbc32.lib odbccp32.lib /MANIFEST /MANIFESTUAC:"level='asInvoker' uiAccess='false'" /manifest:embed /DEBUG /PDB:"C:\Users\Darius\Desktop\Tema1\Debug\lab2.pdb" /TLBID:1 /DYNAMICBASE /NXCOMPAT /IMPLIB:"C:\Users\Darius\Desktop\Tema1\Debug\lab2.lib" /MACHINE:X86 Debug\DrawingWindow.obj
         Debug\Transform2D.obj
         Debug\Visual2D.obj
         Debug\main.obj
         lab2.vcxproj -> C:\Users\Darius\Desktop\Tema1\Debug\lab2.exe
     1>Done Building Project "C:\Users\Darius\Desktop\Tema1\lab2\lab2.vcxproj" (Build target(s)).

Build succeeded.

Time Elapsed 00:00:15.72
